{"/Users/shenghuili/Documents/my-project/kirara-back/src/app.js": {"path":"/Users/shenghuili/Documents/my-project/kirara-back/src/app.js","statementMap":{"0":{"start":{"line":1,"column":12},"end":{"line":1,"column":26}},"1":{"start":{"line":2,"column":12},"end":{"line":2,"column":21}},"2":{"start":{"line":3,"column":14},"end":{"line":3,"column":34}},"3":{"start":{"line":4,"column":13},"end":{"line":4,"column":32}},"4":{"start":{"line":5,"column":16},"end":{"line":5,"column":38}},"5":{"start":{"line":6,"column":19},"end":{"line":6,"column":44}},"6":{"start":{"line":7,"column":15},"end":{"line":7,"column":36}},"7":{"start":{"line":8,"column":16},"end":{"line":8,"column":46}},"8":{"start":{"line":9,"column":19},"end":{"line":9,"column":39}},"9":{"start":{"line":11,"column":23},"end":{"line":11,"column":43}},"10":{"start":{"line":12,"column":31},"end":{"line":12,"column":59}},"11":{"start":{"line":14,"column":20},"end":{"line":14,"column":45}},"12":{"start":{"line":15,"column":23},"end":{"line":15,"column":52}},"13":{"start":{"line":16,"column":19},"end":{"line":16,"column":49}},"14":{"start":{"line":17,"column":22},"end":{"line":17,"column":50}},"15":{"start":{"line":20,"column":20},"end":{"line":22,"column":1}},"16":{"start":{"line":23,"column":0},"end":{"line":23,"column":27}},"17":{"start":{"line":26,"column":0},"end":{"line":28,"column":3}},"18":{"start":{"line":29,"column":0},"end":{"line":29,"column":15}},"19":{"start":{"line":30,"column":0},"end":{"line":30,"column":17}},"20":{"start":{"line":31,"column":0},"end":{"line":31,"column":53}},"21":{"start":{"line":33,"column":0},"end":{"line":35,"column":3}},"22":{"start":{"line":38,"column":0},"end":{"line":38,"column":31}},"23":{"start":{"line":39,"column":0},"end":{"line":50,"column":3}},"24":{"start":{"line":53,"column":0},"end":{"line":58,"column":2}},"25":{"start":{"line":54,"column":18},"end":{"line":54,"column":28}},"26":{"start":{"line":55,"column":4},"end":{"line":55,"column":16}},"27":{"start":{"line":56,"column":15},"end":{"line":56,"column":33}},"28":{"start":{"line":57,"column":4},"end":{"line":57,"column":53}},"29":{"start":{"line":61,"column":0},"end":{"line":61,"column":59}},"30":{"start":{"line":62,"column":0},"end":{"line":62,"column":65}},"31":{"start":{"line":63,"column":0},"end":{"line":63,"column":63}},"32":{"start":{"line":64,"column":0},"end":{"line":64,"column":57}},"33":{"start":{"line":67,"column":0},"end":{"line":69,"column":2}},"34":{"start":{"line":68,"column":4},"end":{"line":68,"column":43}},"35":{"start":{"line":71,"column":0},"end":{"line":71,"column":20}}},"fnMap":{"0":{"name":"(anonymous_0)","decl":{"start":{"line":53,"column":8},"end":{"line":53,"column":9}},"loc":{"start":{"line":53,"column":29},"end":{"line":58,"column":1}},"line":53},"1":{"name":"(anonymous_1)","decl":{"start":{"line":67,"column":16},"end":{"line":67,"column":17}},"loc":{"start":{"line":67,"column":30},"end":{"line":69,"column":1}},"line":67}},"branchMap":{},"s":{"0":1,"1":1,"2":1,"3":1,"4":1,"5":1,"6":1,"7":1,"8":1,"9":1,"10":1,"11":1,"12":1,"13":1,"14":1,"15":1,"16":1,"17":1,"18":1,"19":1,"20":1,"21":1,"22":1,"23":1,"24":1,"25":7,"26":7,"27":7,"28":7,"29":1,"30":1,"31":1,"32":1,"33":1,"34":0,"35":1},"f":{"0":7,"1":0},"b":{},"_coverageSchema":"1a1c01bbd47fc00a2c39e90264f33305004495a9","hash":"00637d73e7855c0cd10a8a6789d9008ef96900fe"}
,"/Users/shenghuili/Documents/my-project/kirara-back/src/conf/constant.js": {"path":"/Users/shenghuili/Documents/my-project/kirara-back/src/conf/constant.js","statementMap":{"0":{"start":{"line":6,"column":0},"end":{"line":8,"column":1}}},"fnMap":{},"branchMap":{},"s":{"0":1},"f":{},"b":{},"_coverageSchema":"1a1c01bbd47fc00a2c39e90264f33305004495a9","hash":"59c292f3bae9a92400518efeea71f4faffb1496c"}
,"/Users/shenghuili/Documents/my-project/kirara-back/src/conf/db.js": {"path":"/Users/shenghuili/Documents/my-project/kirara-back/src/conf/db.js","statementMap":{"0":{"start":{"line":3,"column":17},"end":{"line":6,"column":1}},"1":{"start":{"line":8,"column":17},"end":{"line":14,"column":1}},"2":{"start":{"line":16,"column":0},"end":{"line":19,"column":1}}},"fnMap":{},"branchMap":{},"s":{"0":2,"1":2,"2":2},"f":{},"b":{},"_coverageSchema":"1a1c01bbd47fc00a2c39e90264f33305004495a9","hash":"64ba66436d1fc36a8b8a52fbfa26e1b255d8d06d"}
,"/Users/shenghuili/Documents/my-project/kirara-back/src/conf/secretKeys.js": {"path":"/Users/shenghuili/Documents/my-project/kirara-back/src/conf/secretKeys.js","statementMap":{"0":{"start":{"line":6,"column":0},"end":{"line":9,"column":1}}},"fnMap":{},"branchMap":{},"s":{"0":1},"f":{},"b":{},"_coverageSchema":"1a1c01bbd47fc00a2c39e90264f33305004495a9","hash":"42b184548e2a80ca1671e4fa8cf7337ac6e7243b"}
,"/Users/shenghuili/Documents/my-project/kirara-back/src/controller/user.js": {"path":"/Users/shenghuili/Documents/my-project/kirara-back/src/controller/user.js","statementMap":{"0":{"start":{"line":6,"column":48},"end":{"line":6,"column":75}},"1":{"start":{"line":7,"column":37},"end":{"line":7,"column":65}},"2":{"start":{"line":8,"column":109},"end":{"line":8,"column":138}},"3":{"start":{"line":9,"column":17},"end":{"line":9,"column":41}},"4":{"start":{"line":16,"column":21},"end":{"line":16,"column":48}},"5":{"start":{"line":17,"column":4},"end":{"line":21,"column":5}},"6":{"start":{"line":18,"column":8},"end":{"line":18,"column":41}},"7":{"start":{"line":20,"column":8},"end":{"line":20,"column":55}},"8":{"start":{"line":32,"column":21},"end":{"line":32,"column":48}},"9":{"start":{"line":33,"column":4},"end":{"line":36,"column":5}},"10":{"start":{"line":35,"column":8},"end":{"line":35,"column":52}},"11":{"start":{"line":38,"column":4},"end":{"line":49,"column":5}},"12":{"start":{"line":39,"column":8},"end":{"line":43,"column":10}},"13":{"start":{"line":45,"column":8},"end":{"line":45,"column":50}},"14":{"start":{"line":47,"column":8},"end":{"line":47,"column":43}},"15":{"start":{"line":48,"column":8},"end":{"line":48,"column":47}},"16":{"start":{"line":60,"column":21},"end":{"line":60,"column":68}},"17":{"start":{"line":62,"column":4},"end":{"line":64,"column":5}},"18":{"start":{"line":63,"column":8},"end":{"line":63,"column":44}},"19":{"start":{"line":66,"column":4},"end":{"line":68,"column":5}},"20":{"start":{"line":67,"column":8},"end":{"line":67,"column":39}},"21":{"start":{"line":69,"column":4},"end":{"line":69,"column":29}},"22":{"start":{"line":77,"column":19},"end":{"line":77,"column":39}},"23":{"start":{"line":78,"column":4},"end":{"line":80,"column":5}},"24":{"start":{"line":79,"column":8},"end":{"line":79,"column":33}},"25":{"start":{"line":82,"column":4},"end":{"line":82,"column":41}},"26":{"start":{"line":85,"column":0},"end":{"line":90,"column":1}}},"fnMap":{"0":{"name":"isExist","decl":{"start":{"line":15,"column":15},"end":{"line":15,"column":22}},"loc":{"start":{"line":15,"column":33},"end":{"line":23,"column":1}},"line":15},"1":{"name":"register","decl":{"start":{"line":31,"column":15},"end":{"line":31,"column":23}},"loc":{"start":{"line":31,"column":56},"end":{"line":50,"column":1}},"line":31},"2":{"name":"login","decl":{"start":{"line":58,"column":15},"end":{"line":58,"column":20}},"loc":{"start":{"line":58,"column":46},"end":{"line":70,"column":1}},"line":58},"3":{"name":"deleteCurrentUser","decl":{"start":{"line":76,"column":15},"end":{"line":76,"column":32}},"loc":{"start":{"line":76,"column":43},"end":{"line":83,"column":1}},"line":76}},"branchMap":{"0":{"loc":{"start":{"line":17,"column":4},"end":{"line":21,"column":5}},"type":"if","locations":[{"start":{"line":17,"column":4},"end":{"line":21,"column":5}},{"start":{"line":17,"column":4},"end":{"line":21,"column":5}}],"line":17},"1":{"loc":{"start":{"line":33,"column":4},"end":{"line":36,"column":5}},"type":"if","locations":[{"start":{"line":33,"column":4},"end":{"line":36,"column":5}},{"start":{"line":33,"column":4},"end":{"line":36,"column":5}}],"line":33},"2":{"loc":{"start":{"line":62,"column":4},"end":{"line":64,"column":5}},"type":"if","locations":[{"start":{"line":62,"column":4},"end":{"line":64,"column":5}},{"start":{"line":62,"column":4},"end":{"line":64,"column":5}}],"line":62},"3":{"loc":{"start":{"line":66,"column":4},"end":{"line":68,"column":5}},"type":"if","locations":[{"start":{"line":66,"column":4},"end":{"line":68,"column":5}},{"start":{"line":66,"column":4},"end":{"line":68,"column":5}}],"line":66},"4":{"loc":{"start":{"line":78,"column":4},"end":{"line":80,"column":5}},"type":"if","locations":[{"start":{"line":78,"column":4},"end":{"line":80,"column":5}},{"start":{"line":78,"column":4},"end":{"line":80,"column":5}}],"line":78}},"s":{"0":1,"1":1,"2":1,"3":1,"4":4,"5":4,"6":2,"7":2,"8":2,"9":2,"10":1,"11":1,"12":1,"13":1,"14":0,"15":0,"16":1,"17":1,"18":0,"19":1,"20":1,"21":1,"22":1,"23":1,"24":1,"25":0,"26":1},"f":{"0":4,"1":2,"2":1,"3":1},"b":{"0":[2,2],"1":[1,1],"2":[0,1],"3":[1,0],"4":[1,0]},"_coverageSchema":"1a1c01bbd47fc00a2c39e90264f33305004495a9","hash":"e8f7e7265b412011c5590a2975caf5f95b03954a"}
,"/Users/shenghuili/Documents/my-project/kirara-back/src/db/seq.js": {"path":"/Users/shenghuili/Documents/my-project/kirara-back/src/db/seq.js","statementMap":{"0":{"start":{"line":5,"column":23},"end":{"line":5,"column":44}},"1":{"start":{"line":6,"column":43},"end":{"line":6,"column":53}},"2":{"start":{"line":7,"column":18},"end":{"line":7,"column":38}},"3":{"start":{"line":9,"column":13},"end":{"line":12,"column":1}},"4":{"start":{"line":14,"column":12},"end":{"line":14,"column":57}},"5":{"start":{"line":16,"column":0},"end":{"line":16,"column":20}}},"fnMap":{},"branchMap":{},"s":{"0":2,"1":2,"2":2,"3":2,"4":2,"5":2},"f":{},"b":{},"_coverageSchema":"1a1c01bbd47fc00a2c39e90264f33305004495a9","hash":"44494c0801e1c9ea3188760cd6115d8335aa1cba"}
,"/Users/shenghuili/Documents/my-project/kirara-back/src/db/types.js": {"path":"/Users/shenghuili/Documents/my-project/kirara-back/src/db/types.js","statementMap":{"0":{"start":{"line":6,"column":18},"end":{"line":6,"column":38}},"1":{"start":{"line":8,"column":0},"end":{"line":14,"column":1}}},"fnMap":{},"branchMap":{},"s":{"0":2,"1":2},"f":{},"b":{},"_coverageSchema":"1a1c01bbd47fc00a2c39e90264f33305004495a9","hash":"2a3d6b58c56f5a40eb3138455e9183d337ccd06c"}
,"/Users/shenghuili/Documents/my-project/kirara-back/src/db/model/User.js": {"path":"/Users/shenghuili/Documents/my-project/kirara-back/src/db/model/User.js","statementMap":{"0":{"start":{"line":6,"column":12},"end":{"line":6,"column":29}},"1":{"start":{"line":7,"column":50},"end":{"line":7,"column":69}},"2":{"start":{"line":9,"column":13},"end":{"line":40,"column":2}},"3":{"start":{"line":42,"column":0},"end":{"line":42,"column":21}}},"fnMap":{},"branchMap":{},"s":{"0":2,"1":2,"2":2,"3":2},"f":{},"b":{},"_coverageSchema":"1a1c01bbd47fc00a2c39e90264f33305004495a9","hash":"0179db8337d36c810354af9b814f1a5d50220596"}
,"/Users/shenghuili/Documents/my-project/kirara-back/src/db/model/index.js": {"path":"/Users/shenghuili/Documents/my-project/kirara-back/src/db/model/index.js","statementMap":{"0":{"start":{"line":6,"column":13},"end":{"line":6,"column":30}},"1":{"start":{"line":8,"column":0},"end":{"line":10,"column":1}}},"fnMap":{},"branchMap":{},"s":{"0":2,"1":2},"f":{},"b":{},"_coverageSchema":"1a1c01bbd47fc00a2c39e90264f33305004495a9","hash":"bbab2670cd3b8b10a964264eea3d7afc81741456"}
,"/Users/shenghuili/Documents/my-project/kirara-back/src/middlewares/loginChecks.js": {"path":"/Users/shenghuili/Documents/my-project/kirara-back/src/middlewares/loginChecks.js","statementMap":{"0":{"start":{"line":6,"column":23},"end":{"line":6,"column":51}},"1":{"start":{"line":7,"column":31},"end":{"line":7,"column":60}},"2":{"start":{"line":15,"column":4},"end":{"line":19,"column":5}},"3":{"start":{"line":17,"column":8},"end":{"line":17,"column":20}},"4":{"start":{"line":18,"column":8},"end":{"line":18,"column":14}},"5":{"start":{"line":21,"column":4},"end":{"line":21,"column":49}},"6":{"start":{"line":30,"column":4},"end":{"line":34,"column":5}},"7":{"start":{"line":32,"column":8},"end":{"line":32,"column":20}},"8":{"start":{"line":33,"column":8},"end":{"line":33,"column":14}},"9":{"start":{"line":36,"column":19},"end":{"line":36,"column":26}},"10":{"start":{"line":37,"column":4},"end":{"line":37,"column":60}},"11":{"start":{"line":41,"column":0},"end":{"line":44,"column":1}}},"fnMap":{"0":{"name":"loginCheck","decl":{"start":{"line":14,"column":15},"end":{"line":14,"column":25}},"loc":{"start":{"line":14,"column":37},"end":{"line":22,"column":1}},"line":14},"1":{"name":"loginRedirect","decl":{"start":{"line":29,"column":15},"end":{"line":29,"column":28}},"loc":{"start":{"line":29,"column":40},"end":{"line":39,"column":1}},"line":29}},"branchMap":{"0":{"loc":{"start":{"line":15,"column":4},"end":{"line":19,"column":5}},"type":"if","locations":[{"start":{"line":15,"column":4},"end":{"line":19,"column":5}},{"start":{"line":15,"column":4},"end":{"line":19,"column":5}}],"line":15},"1":{"loc":{"start":{"line":15,"column":8},"end":{"line":15,"column":43}},"type":"binary-expr","locations":[{"start":{"line":15,"column":8},"end":{"line":15,"column":19}},{"start":{"line":15,"column":23},"end":{"line":15,"column":43}}],"line":15},"2":{"loc":{"start":{"line":30,"column":4},"end":{"line":34,"column":5}},"type":"if","locations":[{"start":{"line":30,"column":4},"end":{"line":34,"column":5}},{"start":{"line":30,"column":4},"end":{"line":34,"column":5}}],"line":30},"3":{"loc":{"start":{"line":30,"column":8},"end":{"line":30,"column":43}},"type":"binary-expr","locations":[{"start":{"line":30,"column":8},"end":{"line":30,"column":19}},{"start":{"line":30,"column":23},"end":{"line":30,"column":43}}],"line":30}},"s":{"0":1,"1":1,"2":1,"3":1,"4":1,"5":0,"6":0,"7":0,"8":0,"9":0,"10":0,"11":1},"f":{"0":1,"1":0},"b":{"0":[1,0],"1":[1,1],"2":[0,0],"3":[0,0]},"_coverageSchema":"1a1c01bbd47fc00a2c39e90264f33305004495a9","hash":"d51c6988536a5963d442d11b6a479a1776f5fa22"}
,"/Users/shenghuili/Documents/my-project/kirara-back/src/middlewares/validator.js": {"path":"/Users/shenghuili/Documents/my-project/kirara-back/src/middlewares/validator.js","statementMap":{"0":{"start":{"line":6,"column":23},"end":{"line":6,"column":51}},"1":{"start":{"line":7,"column":31},"end":{"line":7,"column":60}},"2":{"start":{"line":15,"column":22},"end":{"line":26,"column":5}},"3":{"start":{"line":17,"column":21},"end":{"line":17,"column":37}},"4":{"start":{"line":18,"column":22},"end":{"line":18,"column":44}},"5":{"start":{"line":19,"column":8},"end":{"line":19,"column":26}},"6":{"start":{"line":20,"column":8},"end":{"line":23,"column":9}},"7":{"start":{"line":22,"column":12},"end":{"line":22,"column":64}},"8":{"start":{"line":25,"column":8},"end":{"line":25,"column":20}},"9":{"start":{"line":27,"column":4},"end":{"line":27,"column":20}},"10":{"start":{"line":30,"column":0},"end":{"line":30,"column":33}}},"fnMap":{"0":{"name":"genValidator","decl":{"start":{"line":13,"column":9},"end":{"line":13,"column":21}},"loc":{"start":{"line":13,"column":40},"end":{"line":28,"column":1}},"line":13},"1":{"name":"(anonymous_1)","decl":{"start":{"line":15,"column":22},"end":{"line":15,"column":23}},"loc":{"start":{"line":15,"column":43},"end":{"line":26,"column":5}},"line":15}},"branchMap":{"0":{"loc":{"start":{"line":20,"column":8},"end":{"line":23,"column":9}},"type":"if","locations":[{"start":{"line":20,"column":8},"end":{"line":23,"column":9}},{"start":{"line":20,"column":8},"end":{"line":23,"column":9}}],"line":20}},"s":{"0":1,"1":1,"2":1,"3":3,"4":3,"5":3,"6":3,"7":1,"8":2,"9":1,"10":1},"f":{"0":1,"1":3},"b":{"0":[1,2]},"_coverageSchema":"1a1c01bbd47fc00a2c39e90264f33305004495a9","hash":"8ad8a6b3547c0c9d5ae75d0d34beb4ea21867d1f"}
,"/Users/shenghuili/Documents/my-project/kirara-back/src/model/ErrorInfo.js": {"path":"/Users/shenghuili/Documents/my-project/kirara-back/src/model/ErrorInfo.js","statementMap":{"0":{"start":{"line":6,"column":0},"end":{"line":35,"column":1}}},"fnMap":{},"branchMap":{},"s":{"0":1},"f":{},"b":{},"_coverageSchema":"1a1c01bbd47fc00a2c39e90264f33305004495a9","hash":"07acd33e6cd5ccdc8c32dd6e926d85a5dd187e55"}
,"/Users/shenghuili/Documents/my-project/kirara-back/src/model/ResModel.js": {"path":"/Users/shenghuili/Documents/my-project/kirara-back/src/model/ResModel.js","statementMap":{"0":{"start":{"line":11,"column":8},"end":{"line":11,"column":26}},"1":{"start":{"line":12,"column":8},"end":{"line":14,"column":9}},"2":{"start":{"line":13,"column":12},"end":{"line":13,"column":28}},"3":{"start":{"line":15,"column":8},"end":{"line":17,"column":9}},"4":{"start":{"line":16,"column":12},"end":{"line":16,"column":34}},"5":{"start":{"line":26,"column":8},"end":{"line":29,"column":10}},"6":{"start":{"line":38,"column":8},"end":{"line":41,"column":10}},"7":{"start":{"line":46,"column":0},"end":{"line":49,"column":1}}},"fnMap":{"0":{"name":"(anonymous_0)","decl":{"start":{"line":10,"column":4},"end":{"line":10,"column":5}},"loc":{"start":{"line":10,"column":38},"end":{"line":18,"column":5}},"line":10},"1":{"name":"(anonymous_1)","decl":{"start":{"line":25,"column":4},"end":{"line":25,"column":5}},"loc":{"start":{"line":25,"column":27},"end":{"line":30,"column":5}},"line":25},"2":{"name":"(anonymous_2)","decl":{"start":{"line":37,"column":4},"end":{"line":37,"column":5}},"loc":{"start":{"line":37,"column":33},"end":{"line":42,"column":5}},"line":37}},"branchMap":{"0":{"loc":{"start":{"line":12,"column":8},"end":{"line":14,"column":9}},"type":"if","locations":[{"start":{"line":12,"column":8},"end":{"line":14,"column":9}},{"start":{"line":12,"column":8},"end":{"line":14,"column":9}}],"line":12},"1":{"loc":{"start":{"line":15,"column":8},"end":{"line":17,"column":9}},"type":"if","locations":[{"start":{"line":15,"column":8},"end":{"line":17,"column":9}},{"start":{"line":15,"column":8},"end":{"line":17,"column":9}}],"line":15},"2":{"loc":{"start":{"line":25,"column":16},"end":{"line":25,"column":25}},"type":"default-arg","locations":[{"start":{"line":25,"column":23},"end":{"line":25,"column":25}}],"line":25}},"s":{"0":9,"1":9,"2":5,"3":9,"4":4,"5":5,"6":4,"7":1},"f":{"0":9,"1":5,"2":4},"b":{"0":[5,4],"1":[4,5],"2":[2]},"_coverageSchema":"1a1c01bbd47fc00a2c39e90264f33305004495a9","hash":"6d80c88b26b8976d53d40fd4abb4f2ed54703d0d"}
,"/Users/shenghuili/Documents/my-project/kirara-back/src/routes/index.js": {"path":"/Users/shenghuili/Documents/my-project/kirara-back/src/routes/index.js","statementMap":{"0":{"start":{"line":1,"column":15},"end":{"line":1,"column":38}},"1":{"start":{"line":2,"column":38},"end":{"line":2,"column":75}},"2":{"start":{"line":4,"column":0},"end":{"line":27,"column":2}},"3":{"start":{"line":5,"column":4},"end":{"line":26,"column":6}},"4":{"start":{"line":29,"column":0},"end":{"line":40,"column":2}},"5":{"start":{"line":36,"column":4},"end":{"line":39,"column":5}},"6":{"start":{"line":42,"column":0},"end":{"line":48,"column":2}},"7":{"start":{"line":43,"column":25},"end":{"line":43,"column":35}},"8":{"start":{"line":44,"column":4},"end":{"line":47,"column":5}},"9":{"start":{"line":50,"column":0},"end":{"line":57,"column":2}},"10":{"start":{"line":51,"column":36},"end":{"line":51,"column":46}},"11":{"start":{"line":52,"column":4},"end":{"line":56,"column":5}},"12":{"start":{"line":59,"column":0},"end":{"line":59,"column":23}}},"fnMap":{"0":{"name":"(anonymous_0)","decl":{"start":{"line":4,"column":31},"end":{"line":4,"column":32}},"loc":{"start":{"line":4,"column":52},"end":{"line":27,"column":1}},"line":4},"1":{"name":"(anonymous_1)","decl":{"start":{"line":29,"column":32},"end":{"line":29,"column":33}},"loc":{"start":{"line":29,"column":53},"end":{"line":40,"column":1}},"line":29},"2":{"name":"(anonymous_2)","decl":{"start":{"line":42,"column":33},"end":{"line":42,"column":34}},"loc":{"start":{"line":42,"column":54},"end":{"line":48,"column":1}},"line":42},"3":{"name":"(anonymous_3)","decl":{"start":{"line":50,"column":45},"end":{"line":50,"column":46}},"loc":{"start":{"line":50,"column":66},"end":{"line":57,"column":1}},"line":50}},"branchMap":{},"s":{"0":1,"1":1,"2":1,"3":0,"4":1,"5":0,"6":1,"7":0,"8":0,"9":1,"10":0,"11":0,"12":1},"f":{"0":0,"1":0,"2":0,"3":0},"b":{},"_coverageSchema":"1a1c01bbd47fc00a2c39e90264f33305004495a9","hash":"c775640857307acbc8fe5fa0e27f46ef03bc49db"}
,"/Users/shenghuili/Documents/my-project/kirara-back/src/routes/api/user.js": {"path":"/Users/shenghuili/Documents/my-project/kirara-back/src/routes/api/user.js","statementMap":{"0":{"start":{"line":6,"column":15},"end":{"line":6,"column":38}},"1":{"start":{"line":7,"column":56},"end":{"line":7,"column":88}},"2":{"start":{"line":8,"column":21},"end":{"line":8,"column":52}},"3":{"start":{"line":9,"column":25},"end":{"line":9,"column":63}},"4":{"start":{"line":10,"column":19},"end":{"line":10,"column":45}},"5":{"start":{"line":11,"column":23},"end":{"line":11,"column":63}},"6":{"start":{"line":14,"column":0},"end":{"line":14,"column":26}},"7":{"start":{"line":16,"column":0},"end":{"line":20,"column":2}},"8":{"start":{"line":17,"column":43},"end":{"line":17,"column":59}},"9":{"start":{"line":18,"column":4},"end":{"line":18,"column":61}},"10":{"start":{"line":22,"column":0},"end":{"line":26,"column":2}},"11":{"start":{"line":23,"column":25},"end":{"line":23,"column":41}},"12":{"start":{"line":24,"column":17},"end":{"line":24,"column":40}},"13":{"start":{"line":25,"column":4},"end":{"line":25,"column":38}},"14":{"start":{"line":28,"column":0},"end":{"line":31,"column":2}},"15":{"start":{"line":29,"column":35},"end":{"line":29,"column":51}},"16":{"start":{"line":30,"column":4},"end":{"line":30,"column":51}},"17":{"start":{"line":33,"column":0},"end":{"line":40,"column":2}},"18":{"start":{"line":34,"column":4},"end":{"line":39,"column":5}},"19":{"start":{"line":36,"column":29},"end":{"line":36,"column":49}},"20":{"start":{"line":37,"column":8},"end":{"line":37,"column":52}},"21":{"start":{"line":42,"column":0},"end":{"line":42,"column":23}}},"fnMap":{"0":{"name":"(anonymous_0)","decl":{"start":{"line":16,"column":53},"end":{"line":16,"column":54}},"loc":{"start":{"line":16,"column":74},"end":{"line":20,"column":1}},"line":16},"1":{"name":"(anonymous_1)","decl":{"start":{"line":22,"column":24},"end":{"line":22,"column":25}},"loc":{"start":{"line":22,"column":45},"end":{"line":26,"column":1}},"line":22},"2":{"name":"(anonymous_2)","decl":{"start":{"line":28,"column":22},"end":{"line":28,"column":23}},"loc":{"start":{"line":28,"column":43},"end":{"line":31,"column":1}},"line":28},"3":{"name":"(anonymous_3)","decl":{"start":{"line":33,"column":35},"end":{"line":33,"column":36}},"loc":{"start":{"line":33,"column":56},"end":{"line":40,"column":1}},"line":33}},"branchMap":{"0":{"loc":{"start":{"line":34,"column":4},"end":{"line":39,"column":5}},"type":"if","locations":[{"start":{"line":34,"column":4},"end":{"line":39,"column":5}},{"start":{"line":34,"column":4},"end":{"line":39,"column":5}}],"line":34}},"s":{"0":1,"1":1,"2":1,"3":1,"4":1,"5":1,"6":1,"7":1,"8":2,"9":2,"10":1,"11":2,"12":2,"13":2,"14":1,"15":1,"16":1,"17":1,"18":1,"19":1,"20":1,"21":1},"f":{"0":2,"1":2,"2":1,"3":1},"b":{"0":[1,0]},"_coverageSchema":"1a1c01bbd47fc00a2c39e90264f33305004495a9","hash":"0763ebf10ae0687ddc821186986b6eec2a6b6f66"}
,"/Users/shenghuili/Documents/my-project/kirara-back/src/routes/view/error.js": {"path":"/Users/shenghuili/Documents/my-project/kirara-back/src/routes/view/error.js","statementMap":{"0":{"start":{"line":6,"column":15},"end":{"line":6,"column":38}},"1":{"start":{"line":9,"column":0},"end":{"line":11,"column":2}},"2":{"start":{"line":10,"column":4},"end":{"line":10,"column":29}},"3":{"start":{"line":14,"column":0},"end":{"line":16,"column":2}},"4":{"start":{"line":15,"column":4},"end":{"line":15,"column":27}},"5":{"start":{"line":17,"column":0},"end":{"line":17,"column":23}}},"fnMap":{"0":{"name":"(anonymous_0)","decl":{"start":{"line":9,"column":21},"end":{"line":9,"column":22}},"loc":{"start":{"line":9,"column":42},"end":{"line":11,"column":1}},"line":9},"1":{"name":"(anonymous_1)","decl":{"start":{"line":14,"column":16},"end":{"line":14,"column":17}},"loc":{"start":{"line":14,"column":37},"end":{"line":16,"column":1}},"line":14}},"branchMap":{},"s":{"0":1,"1":1,"2":0,"3":1,"4":0,"5":1},"f":{"0":0,"1":0},"b":{},"_coverageSchema":"1a1c01bbd47fc00a2c39e90264f33305004495a9","hash":"bbf3c2f11b95c2c40d3c151ea4e4f4955cc0154e"}
,"/Users/shenghuili/Documents/my-project/kirara-back/src/routes/view/user.js": {"path":"/Users/shenghuili/Documents/my-project/kirara-back/src/routes/view/user.js","statementMap":{"0":{"start":{"line":6,"column":15},"end":{"line":6,"column":38}},"1":{"start":{"line":13,"column":15},"end":{"line":15,"column":5}},"2":{"start":{"line":17,"column":21},"end":{"line":17,"column":41}},"3":{"start":{"line":19,"column":4},"end":{"line":24,"column":5}},"4":{"start":{"line":20,"column":8},"end":{"line":23,"column":9}},"5":{"start":{"line":26,"column":4},"end":{"line":26,"column":15}},"6":{"start":{"line":29,"column":0},"end":{"line":31,"column":2}},"7":{"start":{"line":30,"column":4},"end":{"line":30,"column":48}},"8":{"start":{"line":33,"column":0},"end":{"line":35,"column":2}},"9":{"start":{"line":34,"column":4},"end":{"line":34,"column":51}},"10":{"start":{"line":37,"column":0},"end":{"line":37,"column":23}}},"fnMap":{"0":{"name":"getLoginInfo","decl":{"start":{"line":12,"column":9},"end":{"line":12,"column":21}},"loc":{"start":{"line":12,"column":27},"end":{"line":27,"column":1}},"line":12},"1":{"name":"(anonymous_1)","decl":{"start":{"line":29,"column":21},"end":{"line":29,"column":22}},"loc":{"start":{"line":29,"column":42},"end":{"line":31,"column":1}},"line":29},"2":{"name":"(anonymous_2)","decl":{"start":{"line":33,"column":24},"end":{"line":33,"column":25}},"loc":{"start":{"line":33,"column":45},"end":{"line":35,"column":1}},"line":33}},"branchMap":{"0":{"loc":{"start":{"line":19,"column":4},"end":{"line":24,"column":5}},"type":"if","locations":[{"start":{"line":19,"column":4},"end":{"line":24,"column":5}},{"start":{"line":19,"column":4},"end":{"line":24,"column":5}}],"line":19}},"s":{"0":1,"1":0,"2":0,"3":0,"4":0,"5":0,"6":1,"7":0,"8":1,"9":0,"10":1},"f":{"0":0,"1":0,"2":0},"b":{"0":[0,0]},"_coverageSchema":"1a1c01bbd47fc00a2c39e90264f33305004495a9","hash":"c3a0066a37227d77bad6ddb9c1077a5fe12be056"}
,"/Users/shenghuili/Documents/my-project/kirara-back/src/services/_format.js": {"path":"/Users/shenghuili/Documents/my-project/kirara-back/src/services/_format.js","statementMap":{"0":{"start":{"line":6,"column":28},"end":{"line":6,"column":55}},"1":{"start":{"line":14,"column":4},"end":{"line":16,"column":5}},"2":{"start":{"line":15,"column":8},"end":{"line":15,"column":37}},"3":{"start":{"line":18,"column":4},"end":{"line":18,"column":14}},"4":{"start":{"line":26,"column":4},"end":{"line":28,"column":5}},"5":{"start":{"line":27,"column":8},"end":{"line":27,"column":19}},"6":{"start":{"line":30,"column":4},"end":{"line":33,"column":5}},"7":{"start":{"line":32,"column":8},"end":{"line":32,"column":43}},"8":{"start":{"line":36,"column":4},"end":{"line":36,"column":35}},"9":{"start":{"line":39,"column":0},"end":{"line":41,"column":1}}},"fnMap":{"0":{"name":"_formatUserPicture","decl":{"start":{"line":13,"column":9},"end":{"line":13,"column":27}},"loc":{"start":{"line":13,"column":33},"end":{"line":19,"column":1}},"line":13},"1":{"name":"formatUser","decl":{"start":{"line":25,"column":9},"end":{"line":25,"column":19}},"loc":{"start":{"line":25,"column":26},"end":{"line":37,"column":1}},"line":25}},"branchMap":{"0":{"loc":{"start":{"line":14,"column":4},"end":{"line":16,"column":5}},"type":"if","locations":[{"start":{"line":14,"column":4},"end":{"line":16,"column":5}},{"start":{"line":14,"column":4},"end":{"line":16,"column":5}}],"line":14},"1":{"loc":{"start":{"line":26,"column":4},"end":{"line":28,"column":5}},"type":"if","locations":[{"start":{"line":26,"column":4},"end":{"line":28,"column":5}},{"start":{"line":26,"column":4},"end":{"line":28,"column":5}}],"line":26},"2":{"loc":{"start":{"line":30,"column":4},"end":{"line":33,"column":5}},"type":"if","locations":[{"start":{"line":30,"column":4},"end":{"line":33,"column":5}},{"start":{"line":30,"column":4},"end":{"line":33,"column":5}}],"line":30}},"s":{"0":1,"1":4,"2":4,"3":4,"4":4,"5":0,"6":4,"7":0,"8":4,"9":1},"f":{"0":4,"1":4},"b":{"0":[4,0],"1":[0,4],"2":[0,4]},"_coverageSchema":"1a1c01bbd47fc00a2c39e90264f33305004495a9","hash":"37bca0a232467d02f5527fc9a32c85178e1e80c0"}
,"/Users/shenghuili/Documents/my-project/kirara-back/src/services/user.js": {"path":"/Users/shenghuili/Documents/my-project/kirara-back/src/services/user.js","statementMap":{"0":{"start":{"line":6,"column":17},"end":{"line":6,"column":45}},"1":{"start":{"line":7,"column":23},"end":{"line":7,"column":43}},"2":{"start":{"line":17,"column":21},"end":{"line":19,"column":5}},"3":{"start":{"line":21,"column":4},"end":{"line":23,"column":5}},"4":{"start":{"line":22,"column":8},"end":{"line":22,"column":45}},"5":{"start":{"line":26,"column":19},"end":{"line":29,"column":6}},"6":{"start":{"line":30,"column":4},"end":{"line":33,"column":5}},"7":{"start":{"line":32,"column":8},"end":{"line":32,"column":21}},"8":{"start":{"line":36,"column":22},"end":{"line":36,"column":51}},"9":{"start":{"line":38,"column":4},"end":{"line":38,"column":20}},"10":{"start":{"line":49,"column":19},"end":{"line":54,"column":6}},"11":{"start":{"line":55,"column":4},"end":{"line":55,"column":28}},"12":{"start":{"line":63,"column":19},"end":{"line":67,"column":6}},"13":{"start":{"line":69,"column":4},"end":{"line":69,"column":21}},"14":{"start":{"line":72,"column":0},"end":{"line":76,"column":1}}},"fnMap":{"0":{"name":"getUserInfo","decl":{"start":{"line":15,"column":15},"end":{"line":15,"column":26}},"loc":{"start":{"line":15,"column":47},"end":{"line":39,"column":1}},"line":15},"1":{"name":"createUser","decl":{"start":{"line":48,"column":15},"end":{"line":48,"column":25}},"loc":{"start":{"line":48,"column":71},"end":{"line":56,"column":1}},"line":48},"2":{"name":"deleteUser","decl":{"start":{"line":62,"column":15},"end":{"line":62,"column":25}},"loc":{"start":{"line":62,"column":36},"end":{"line":70,"column":1}},"line":62}},"branchMap":{"0":{"loc":{"start":{"line":21,"column":4},"end":{"line":23,"column":5}},"type":"if","locations":[{"start":{"line":21,"column":4},"end":{"line":23,"column":5}},{"start":{"line":21,"column":4},"end":{"line":23,"column":5}}],"line":21},"1":{"loc":{"start":{"line":30,"column":4},"end":{"line":33,"column":5}},"type":"if","locations":[{"start":{"line":30,"column":4},"end":{"line":33,"column":5}},{"start":{"line":30,"column":4},"end":{"line":33,"column":5}}],"line":30},"2":{"loc":{"start":{"line":48,"column":48},"end":{"line":48,"column":58}},"type":"default-arg","locations":[{"start":{"line":48,"column":57},"end":{"line":48,"column":58}}],"line":48},"3":{"loc":{"start":{"line":52,"column":18},"end":{"line":52,"column":48}},"type":"cond-expr","locations":[{"start":{"line":52,"column":29},"end":{"line":52,"column":37}},{"start":{"line":52,"column":40},"end":{"line":52,"column":48}}],"line":52}},"s":{"0":1,"1":1,"2":7,"3":7,"4":1,"5":7,"6":7,"7":3,"8":4,"9":4,"10":1,"11":1,"12":1,"13":1,"14":1},"f":{"0":7,"1":1,"2":1},"b":{"0":[1,6],"1":[3,4],"2":[0],"3":[0,1]},"_coverageSchema":"1a1c01bbd47fc00a2c39e90264f33305004495a9","hash":"3cca6be100d22a567f6466e040a96e58ec84c4ad"}
,"/Users/shenghuili/Documents/my-project/kirara-back/src/utils/cryp.js": {"path":"/Users/shenghuili/Documents/my-project/kirara-back/src/utils/cryp.js","statementMap":{"0":{"start":{"line":6,"column":30},"end":{"line":6,"column":59}},"1":{"start":{"line":8,"column":15},"end":{"line":8,"column":32}},"2":{"start":{"line":15,"column":16},"end":{"line":15,"column":40}},"3":{"start":{"line":16,"column":4},"end":{"line":16,"column":44}},"4":{"start":{"line":25,"column":16},"end":{"line":25,"column":62}},"5":{"start":{"line":26,"column":4},"end":{"line":26,"column":20}},"6":{"start":{"line":29,"column":0},"end":{"line":29,"column":25}}},"fnMap":{"0":{"name":"_md5","decl":{"start":{"line":14,"column":9},"end":{"line":14,"column":13}},"loc":{"start":{"line":14,"column":23},"end":{"line":17,"column":1}},"line":14},"1":{"name":"doCrypto","decl":{"start":{"line":24,"column":9},"end":{"line":24,"column":17}},"loc":{"start":{"line":24,"column":27},"end":{"line":27,"column":1}},"line":24}},"branchMap":{},"s":{"0":1,"1":1,"2":2,"3":2,"4":2,"5":2,"6":1},"f":{"0":2,"1":2},"b":{},"_coverageSchema":"1a1c01bbd47fc00a2c39e90264f33305004495a9","hash":"f6b5638bb383f194fff40ebd807e4dba2f64a1dc"}
,"/Users/shenghuili/Documents/my-project/kirara-back/src/utils/env.js": {"path":"/Users/shenghuili/Documents/my-project/kirara-back/src/utils/env.js","statementMap":{"0":{"start":{"line":6,"column":12},"end":{"line":6,"column":32}},"1":{"start":{"line":8,"column":0},"end":{"line":12,"column":1}}},"fnMap":{},"branchMap":{},"s":{"0":1,"1":1},"f":{},"b":{},"_coverageSchema":"1a1c01bbd47fc00a2c39e90264f33305004495a9","hash":"3ab3392145b941df295e4748f18b9b5a2e8ed637"}
,"/Users/shenghuili/Documents/my-project/kirara-back/src/validator/_validate.js": {"path":"/Users/shenghuili/Documents/my-project/kirara-back/src/validator/_validate.js","statementMap":{"0":{"start":{"line":7,"column":12},"end":{"line":7,"column":26}},"1":{"start":{"line":8,"column":12},"end":{"line":10,"column":2}},"2":{"start":{"line":18,"column":19},"end":{"line":18,"column":45}},"3":{"start":{"line":19,"column":4},"end":{"line":21,"column":5}},"4":{"start":{"line":20,"column":8},"end":{"line":20,"column":28}},"5":{"start":{"line":24,"column":0},"end":{"line":24,"column":25}}},"fnMap":{"0":{"name":"validate","decl":{"start":{"line":17,"column":9},"end":{"line":17,"column":17}},"loc":{"start":{"line":17,"column":35},"end":{"line":22,"column":1}},"line":17}},"branchMap":{"0":{"loc":{"start":{"line":17,"column":26},"end":{"line":17,"column":33}},"type":"default-arg","locations":[{"start":{"line":17,"column":31},"end":{"line":17,"column":33}}],"line":17},"1":{"loc":{"start":{"line":19,"column":4},"end":{"line":21,"column":5}},"type":"if","locations":[{"start":{"line":19,"column":4},"end":{"line":21,"column":5}},{"start":{"line":19,"column":4},"end":{"line":21,"column":5}}],"line":19}},"s":{"0":1,"1":1,"2":3,"3":3,"4":1,"5":1},"f":{"0":3},"b":{"0":[0],"1":[1,2]},"_coverageSchema":"1a1c01bbd47fc00a2c39e90264f33305004495a9","hash":"5a1020149c930141e8356aea7066976119181c73"}
,"/Users/shenghuili/Documents/my-project/kirara-back/src/validator/user.js": {"path":"/Users/shenghuili/Documents/my-project/kirara-back/src/validator/user.js","statementMap":{"0":{"start":{"line":6,"column":17},"end":{"line":6,"column":39}},"1":{"start":{"line":9,"column":15},"end":{"line":34,"column":1}},"2":{"start":{"line":42,"column":4},"end":{"line":42,"column":33}},"3":{"start":{"line":45,"column":0},"end":{"line":45,"column":29}}},"fnMap":{"0":{"name":"userValidate","decl":{"start":{"line":41,"column":9},"end":{"line":41,"column":21}},"loc":{"start":{"line":41,"column":31},"end":{"line":43,"column":1}},"line":41}},"branchMap":{"0":{"loc":{"start":{"line":41,"column":22},"end":{"line":41,"column":29}},"type":"default-arg","locations":[{"start":{"line":41,"column":27},"end":{"line":41,"column":29}}],"line":41}},"s":{"0":1,"1":1,"2":3,"3":1},"f":{"0":3},"b":{"0":[0]},"_coverageSchema":"1a1c01bbd47fc00a2c39e90264f33305004495a9","hash":"21d54ba1263f2b199bb63037a12254a1bbb0d816"}
,"/Users/shenghuili/Documents/my-project/kirara-back/test/server.js": {"path":"/Users/shenghuili/Documents/my-project/kirara-back/test/server.js","statementMap":{"0":{"start":{"line":5,"column":16},"end":{"line":5,"column":36}},"1":{"start":{"line":6,"column":15},"end":{"line":6,"column":47}},"2":{"start":{"line":8,"column":0},"end":{"line":8,"column":32}}},"fnMap":{},"branchMap":{},"s":{"0":1,"1":1,"2":1},"f":{},"b":{},"_coverageSchema":"1a1c01bbd47fc00a2c39e90264f33305004495a9","hash":"f79ab0cb80592f10a06f04f99541c0434dab0bf4"}
}
