TN:
SF:src/app.js
FN:53,(anonymous_0)
FN:67,(anonymous_1)
FNF:2
FNH:0
FNDA:0,(anonymous_0)
FNDA:0,(anonymous_1)
DA:1,1
DA:2,1
DA:3,1
DA:4,1
DA:5,1
DA:6,1
DA:7,1
DA:8,1
DA:9,1
DA:11,1
DA:12,1
DA:14,1
DA:15,1
DA:16,1
DA:17,1
DA:20,1
DA:23,1
DA:26,1
DA:29,1
DA:30,1
DA:31,1
DA:33,1
DA:38,1
DA:39,1
DA:53,1
DA:54,0
DA:55,0
DA:56,0
DA:57,0
DA:61,1
DA:62,1
DA:63,1
DA:64,1
DA:67,1
DA:68,0
DA:71,1
LF:36
LH:31
BRF:0
BRH:0
end_of_record
TN:
SF:src/conf/constant.js
FNF:0
FNH:0
DA:6,1
LF:1
LH:1
BRF:0
BRH:0
end_of_record
TN:
SF:src/conf/db.js
FNF:0
FNH:0
DA:3,2
DA:8,2
DA:16,2
LF:3
LH:3
BRF:0
BRH:0
end_of_record
TN:
SF:src/conf/secretKeys.js
FNF:0
FNH:0
DA:6,1
LF:1
LH:1
BRF:0
BRH:0
end_of_record
TN:
SF:src/controller/user.js
FN:15,isExist
FN:31,register
FN:58,login
FN:76,deleteCurrentUser
FNF:4
FNH:0
FNDA:0,isExist
FNDA:0,register
FNDA:0,login
FNDA:0,deleteCurrentUser
DA:6,1
DA:7,1
DA:8,1
DA:9,1
DA:16,0
DA:17,0
DA:18,0
DA:20,0
DA:32,0
DA:33,0
DA:35,0
DA:38,0
DA:39,0
DA:45,0
DA:47,0
DA:48,0
DA:60,0
DA:62,0
DA:63,0
DA:66,0
DA:67,0
DA:69,0
DA:77,0
DA:78,0
DA:79,0
DA:82,0
DA:85,1
LF:27
LH:5
BRDA:17,0,0,0
BRDA:17,0,1,0
BRDA:33,1,0,0
BRDA:33,1,1,0
BRDA:62,2,0,0
BRDA:62,2,1,0
BRDA:66,3,0,0
BRDA:66,3,1,0
BRDA:78,4,0,0
BRDA:78,4,1,0
BRF:10
BRH:0
end_of_record
TN:
SF:src/db/seq.js
FNF:0
FNH:0
DA:5,2
DA:6,2
DA:7,2
DA:9,2
DA:14,2
DA:16,2
LF:6
LH:6
BRF:0
BRH:0
end_of_record
TN:
SF:src/db/types.js
FNF:0
FNH:0
DA:6,2
DA:8,2
LF:2
LH:2
BRF:0
BRH:0
end_of_record
TN:
SF:src/db/model/User.js
FNF:0
FNH:0
DA:6,2
DA:7,2
DA:9,2
DA:42,2
LF:4
LH:4
BRF:0
BRH:0
end_of_record
TN:
SF:src/db/model/index.js
FNF:0
FNH:0
DA:6,2
DA:8,2
LF:2
LH:2
BRF:0
BRH:0
end_of_record
TN:
SF:src/middlewares/loginChecks.js
FN:14,loginCheck
FN:29,loginRedirect
FNF:2
FNH:0
FNDA:0,loginCheck
FNDA:0,loginRedirect
DA:6,1
DA:7,1
DA:15,0
DA:17,0
DA:18,0
DA:21,0
DA:30,0
DA:32,0
DA:33,0
DA:36,0
DA:37,0
DA:41,1
LF:12
LH:3
BRDA:15,0,0,0
BRDA:15,0,1,0
BRDA:15,1,0,0
BRDA:15,1,1,0
BRDA:30,2,0,0
BRDA:30,2,1,0
BRDA:30,3,0,0
BRDA:30,3,1,0
BRF:8
BRH:0
end_of_record
TN:
SF:src/middlewares/validator.js
FN:13,genValidator
FN:15,(anonymous_1)
FNF:2
FNH:1
FNDA:1,genValidator
FNDA:0,(anonymous_1)
DA:6,1
DA:7,1
DA:15,1
DA:17,0
DA:18,0
DA:19,0
DA:20,0
DA:22,0
DA:25,0
DA:27,1
DA:30,1
LF:11
LH:5
BRDA:20,0,0,0
BRDA:20,0,1,0
BRF:2
BRH:0
end_of_record
TN:
SF:src/model/ErrorInfo.js
FNF:0
FNH:0
DA:6,1
LF:1
LH:1
BRF:0
BRH:0
end_of_record
TN:
SF:src/model/ResModel.js
FN:10,(anonymous_0)
FN:25,(anonymous_1)
FN:37,(anonymous_2)
FNF:3
FNH:0
FNDA:0,(anonymous_0)
FNDA:0,(anonymous_1)
FNDA:0,(anonymous_2)
DA:11,0
DA:12,0
DA:13,0
DA:15,0
DA:16,0
DA:26,0
DA:38,0
DA:46,1
LF:8
LH:1
BRDA:12,0,0,0
BRDA:12,0,1,0
BRDA:15,1,0,0
BRDA:15,1,1,0
BRDA:25,2,0,0
BRF:5
BRH:0
end_of_record
TN:
SF:src/routes/index.js
FN:4,(anonymous_0)
FN:29,(anonymous_1)
FN:42,(anonymous_2)
FN:50,(anonymous_3)
FNF:4
FNH:0
FNDA:0,(anonymous_0)
FNDA:0,(anonymous_1)
FNDA:0,(anonymous_2)
FNDA:0,(anonymous_3)
DA:1,1
DA:2,1
DA:4,1
DA:5,0
DA:29,1
DA:36,0
DA:42,1
DA:43,0
DA:44,0
DA:50,1
DA:51,0
DA:52,0
DA:59,1
LF:13
LH:7
BRF:0
BRH:0
end_of_record
TN:
SF:src/routes/api/user.js
FN:16,(anonymous_0)
FN:22,(anonymous_1)
FN:28,(anonymous_2)
FN:33,(anonymous_3)
FNF:4
FNH:0
FNDA:0,(anonymous_0)
FNDA:0,(anonymous_1)
FNDA:0,(anonymous_2)
FNDA:0,(anonymous_3)
DA:6,1
DA:7,1
DA:8,1
DA:9,1
DA:10,1
DA:11,1
DA:14,1
DA:16,1
DA:17,0
DA:18,0
DA:22,1
DA:23,0
DA:24,0
DA:25,0
DA:28,1
DA:29,0
DA:30,0
DA:33,1
DA:34,0
DA:36,0
DA:37,0
DA:42,1
LF:22
LH:12
BRDA:34,0,0,0
BRDA:34,0,1,0
BRF:2
BRH:0
end_of_record
TN:
SF:src/routes/view/error.js
FN:9,(anonymous_0)
FN:14,(anonymous_1)
FNF:2
FNH:0
FNDA:0,(anonymous_0)
FNDA:0,(anonymous_1)
DA:6,1
DA:9,1
DA:10,0
DA:14,1
DA:15,0
DA:17,1
LF:6
LH:4
BRF:0
BRH:0
end_of_record
TN:
SF:src/routes/view/user.js
FN:12,getLoginInfo
FN:29,(anonymous_1)
FN:33,(anonymous_2)
FNF:3
FNH:0
FNDA:0,getLoginInfo
FNDA:0,(anonymous_1)
FNDA:0,(anonymous_2)
DA:6,1
DA:13,0
DA:17,0
DA:19,0
DA:20,0
DA:26,0
DA:29,1
DA:30,0
DA:33,1
DA:34,0
DA:37,1
LF:11
LH:4
BRDA:19,0,0,0
BRDA:19,0,1,0
BRF:2
BRH:0
end_of_record
TN:
SF:src/services/_format.js
FN:13,_formatUserPicture
FN:25,formatUser
FNF:2
FNH:0
FNDA:0,_formatUserPicture
FNDA:0,formatUser
DA:6,1
DA:14,0
DA:15,0
DA:18,0
DA:26,0
DA:27,0
DA:30,0
DA:32,0
DA:36,0
DA:39,1
LF:10
LH:2
BRDA:14,0,0,0
BRDA:14,0,1,0
BRDA:26,1,0,0
BRDA:26,1,1,0
BRDA:30,2,0,0
BRDA:30,2,1,0
BRF:6
BRH:0
end_of_record
TN:
SF:src/services/user.js
FN:15,getUserInfo
FN:48,createUser
FN:62,deleteUser
FNF:3
FNH:0
FNDA:0,getUserInfo
FNDA:0,createUser
FNDA:0,deleteUser
DA:6,1
DA:7,1
DA:17,0
DA:21,0
DA:22,0
DA:26,0
DA:30,0
DA:32,0
DA:36,0
DA:38,0
DA:49,0
DA:55,0
DA:63,0
DA:69,0
DA:72,1
LF:15
LH:3
BRDA:21,0,0,0
BRDA:21,0,1,0
BRDA:30,1,0,0
BRDA:30,1,1,0
BRDA:48,2,0,0
BRDA:52,3,0,0
BRDA:52,3,1,0
BRF:7
BRH:0
end_of_record
TN:
SF:src/utils/cryp.js
FN:14,_md5
FN:24,doCrypto
FNF:2
FNH:0
FNDA:0,_md5
FNDA:0,doCrypto
DA:6,1
DA:8,1
DA:15,0
DA:16,0
DA:25,0
DA:26,0
DA:29,1
LF:7
LH:3
BRF:0
BRH:0
end_of_record
TN:
SF:src/utils/env.js
FNF:0
FNH:0
DA:6,1
DA:8,1
LF:2
LH:2
BRF:0
BRH:0
end_of_record
TN:
SF:src/validator/_validate.js
FN:17,validate
FNF:1
FNH:0
FNDA:0,validate
DA:7,1
DA:8,1
DA:18,0
DA:19,0
DA:20,0
DA:24,1
LF:6
LH:3
BRDA:17,0,0,0
BRDA:19,1,0,0
BRDA:19,1,1,0
BRF:3
BRH:0
end_of_record
TN:
SF:src/validator/user.js
FN:41,userValidate
FNF:1
FNH:0
FNDA:0,userValidate
DA:6,1
DA:9,1
DA:42,0
DA:45,1
LF:4
LH:3
BRDA:41,0,0,0
BRF:1
BRH:0
end_of_record
TN:
SF:test/server.js
FNF:0
FNH:0
DA:5,1
DA:6,1
DA:8,1
LF:3
LH:3
BRF:0
BRH:0
end_of_record
